{"/Users/cestercian/Documents/GitHub/Coder/script.js": {"path":"/Users/cestercian/Documents/GitHub/Coder/script.js","statementMap":{"0":{"start":{"line":2,"column":26},"end":{"line":2,"column":94}},"1":{"start":{"line":3,"column":49},"end":{"line":3,"column":122}},"2":{"start":{"line":6,"column":23},"end":{"line":14,"column":1}},"3":{"start":{"line":17,"column":12},"end":{"line":17,"column":41}},"4":{"start":{"line":18,"column":17},"end":{"line":18,"column":33}},"5":{"start":{"line":21,"column":0},"end":{"line":21,"column":78}},"6":{"start":{"line":24,"column":16},"end":{"line":24,"column":18}},"7":{"start":{"line":27,"column":26},"end":{"line":27,"column":35}},"8":{"start":{"line":31,"column":22},"end":{"line":31,"column":64}},"9":{"start":{"line":32,"column":4},"end":{"line":32,"column":40}},"10":{"start":{"line":32,"column":33},"end":{"line":32,"column":40}},"11":{"start":{"line":34,"column":20},"end":{"line":34,"column":44}},"12":{"start":{"line":35,"column":23},"end":{"line":35,"column":36}},"13":{"start":{"line":36,"column":4},"end":{"line":39,"column":7}},"14":{"start":{"line":41,"column":4},"end":{"line":41,"column":52}},"15":{"start":{"line":46,"column":28},"end":{"line":46,"column":70}},"16":{"start":{"line":47,"column":4},"end":{"line":47,"column":35}},"17":{"start":{"line":49,"column":4},"end":{"line":52,"column":5}},"18":{"start":{"line":50,"column":8},"end":{"line":50,"column":62}},"19":{"start":{"line":51,"column":8},"end":{"line":51,"column":15}},"20":{"start":{"line":54,"column":4},"end":{"line":67,"column":7}},"21":{"start":{"line":55,"column":27},"end":{"line":55,"column":56}},"22":{"start":{"line":56,"column":8},"end":{"line":56,"column":50}},"23":{"start":{"line":57,"column":8},"end":{"line":57,"column":48}},"24":{"start":{"line":59,"column":8},"end":{"line":59,"column":90}},"25":{"start":{"line":59,"column":35},"end":{"line":59,"column":89}},"26":{"start":{"line":61,"column":24},"end":{"line":61,"column":54}},"27":{"start":{"line":62,"column":8},"end":{"line":62,"column":43}},"28":{"start":{"line":63,"column":8},"end":{"line":63,"column":40}},"29":{"start":{"line":64,"column":8},"end":{"line":64,"column":40}},"30":{"start":{"line":66,"column":8},"end":{"line":66,"column":48}},"31":{"start":{"line":72,"column":4},"end":{"line":78,"column":7}},"32":{"start":{"line":73,"column":24},"end":{"line":73,"column":62}},"33":{"start":{"line":74,"column":8},"end":{"line":74,"column":40}},"34":{"start":{"line":75,"column":8},"end":{"line":77,"column":17}},"35":{"start":{"line":76,"column":12},"end":{"line":76,"column":43}},"36":{"start":{"line":83,"column":16},"end":{"line":83,"column":26}},"37":{"start":{"line":84,"column":20},"end":{"line":87,"column":5}},"38":{"start":{"line":89,"column":4},"end":{"line":92,"column":5}},"39":{"start":{"line":90,"column":8},"end":{"line":90,"column":26}},"40":{"start":{"line":91,"column":8},"end":{"line":91,"column":37}},"41":{"start":{"line":94,"column":4},"end":{"line":94,"column":23}},"42":{"start":{"line":97,"column":4},"end":{"line":101,"column":5}},"43":{"start":{"line":98,"column":8},"end":{"line":98,"column":30}},"44":{"start":{"line":99,"column":8},"end":{"line":99,"column":43}},"45":{"start":{"line":100,"column":8},"end":{"line":100,"column":15}},"46":{"start":{"line":103,"column":4},"end":{"line":103,"column":45}},"47":{"start":{"line":106,"column":4},"end":{"line":106,"column":49}},"48":{"start":{"line":111,"column":20},"end":{"line":111,"column":55}},"49":{"start":{"line":112,"column":4},"end":{"line":112,"column":23}},"50":{"start":{"line":117,"column":20},"end":{"line":117,"column":44}},"51":{"start":{"line":118,"column":4},"end":{"line":127,"column":7}},"52":{"start":{"line":119,"column":8},"end":{"line":119,"column":23}},"53":{"start":{"line":120,"column":8},"end":{"line":123,"column":11}},"54":{"start":{"line":121,"column":30},"end":{"line":121,"column":49}},"55":{"start":{"line":122,"column":12},"end":{"line":122,"column":69}},"56":{"start":{"line":125,"column":8},"end":{"line":125,"column":60}},"57":{"start":{"line":125,"column":33},"end":{"line":125,"column":58}},"58":{"start":{"line":126,"column":8},"end":{"line":126,"column":33}},"59":{"start":{"line":131,"column":0},"end":{"line":137,"column":3}},"60":{"start":{"line":132,"column":18},"end":{"line":132,"column":46}},"61":{"start":{"line":133,"column":27},"end":{"line":135,"column":5}},"62":{"start":{"line":134,"column":8},"end":{"line":134,"column":48}},"63":{"start":{"line":136,"column":4},"end":{"line":136,"column":34}},"64":{"start":{"line":140,"column":0},"end":{"line":140,"column":28}},"65":{"start":{"line":143,"column":0},"end":{"line":143,"column":133}}},"fnMap":{"0":{"name":"addCodeTweet","decl":{"start":{"line":30,"column":9},"end":{"line":30,"column":21}},"loc":{"start":{"line":30,"column":24},"end":{"line":42,"column":1}},"line":30},"1":{"name":"displayTweets","decl":{"start":{"line":45,"column":9},"end":{"line":45,"column":22}},"loc":{"start":{"line":45,"column":43},"end":{"line":68,"column":1}},"line":45},"2":{"name":"(anonymous_2)","decl":{"start":{"line":54,"column":19},"end":{"line":54,"column":20}},"loc":{"start":{"line":54,"column":34},"end":{"line":67,"column":5}},"line":54},"3":{"name":"(anonymous_3)","decl":{"start":{"line":59,"column":29},"end":{"line":59,"column":30}},"loc":{"start":{"line":59,"column":35},"end":{"line":59,"column":89}},"line":59},"4":{"name":"copyCodeToClipboard","decl":{"start":{"line":71,"column":9},"end":{"line":71,"column":28}},"loc":{"start":{"line":71,"column":44},"end":{"line":79,"column":1}},"line":71},"5":{"name":"(anonymous_5)","decl":{"start":{"line":72,"column":45},"end":{"line":72,"column":46}},"loc":{"start":{"line":72,"column":51},"end":{"line":78,"column":5}},"line":72},"6":{"name":"(anonymous_6)","decl":{"start":{"line":75,"column":19},"end":{"line":75,"column":20}},"loc":{"start":{"line":75,"column":25},"end":{"line":77,"column":9}},"line":75},"7":{"name":"handleTweetClick","decl":{"start":{"line":82,"column":9},"end":{"line":82,"column":25}},"loc":{"start":{"line":82,"column":56},"end":{"line":107,"column":1}},"line":82},"8":{"name":"deleteTweet","decl":{"start":{"line":110,"column":9},"end":{"line":110,"column":20}},"loc":{"start":{"line":110,"column":31},"end":{"line":113,"column":1}},"line":110},"9":{"name":"fetchTweets","decl":{"start":{"line":116,"column":9},"end":{"line":116,"column":20}},"loc":{"start":{"line":116,"column":23},"end":{"line":128,"column":1}},"line":116},"10":{"name":"(anonymous_10)","decl":{"start":{"line":118,"column":21},"end":{"line":118,"column":22}},"loc":{"start":{"line":118,"column":35},"end":{"line":127,"column":5}},"line":118},"11":{"name":"(anonymous_11)","decl":{"start":{"line":120,"column":25},"end":{"line":120,"column":26}},"loc":{"start":{"line":120,"column":44},"end":{"line":123,"column":9}},"line":120},"12":{"name":"(anonymous_12)","decl":{"start":{"line":125,"column":23},"end":{"line":125,"column":24}},"loc":{"start":{"line":125,"column":33},"end":{"line":125,"column":58}},"line":125},"13":{"name":"(anonymous_13)","decl":{"start":{"line":131,"column":63},"end":{"line":131,"column":64}},"loc":{"start":{"line":131,"column":70},"end":{"line":137,"column":1}},"line":131},"14":{"name":"(anonymous_14)","decl":{"start":{"line":133,"column":44},"end":{"line":133,"column":45}},"loc":{"start":{"line":134,"column":8},"end":{"line":134,"column":48}},"line":134}},"branchMap":{"0":{"loc":{"start":{"line":32,"column":4},"end":{"line":32,"column":40}},"type":"if","locations":[{"start":{"line":32,"column":4},"end":{"line":32,"column":40}},{"start":{},"end":{}}],"line":32},"1":{"loc":{"start":{"line":45,"column":23},"end":{"line":45,"column":41}},"type":"default-arg","locations":[{"start":{"line":45,"column":32},"end":{"line":45,"column":41}}],"line":45},"2":{"loc":{"start":{"line":49,"column":4},"end":{"line":52,"column":5}},"type":"if","locations":[{"start":{"line":49,"column":4},"end":{"line":52,"column":5}},{"start":{},"end":{}}],"line":49},"3":{"loc":{"start":{"line":84,"column":20},"end":{"line":87,"column":5}},"type":"binary-expr","locations":[{"start":{"line":84,"column":20},"end":{"line":84,"column":51}},{"start":{"line":84,"column":55},"end":{"line":87,"column":5}}],"line":84},"4":{"loc":{"start":{"line":89,"column":4},"end":{"line":92,"column":5}},"type":"if","locations":[{"start":{"line":89,"column":4},"end":{"line":92,"column":5}},{"start":{},"end":{}}],"line":89},"5":{"loc":{"start":{"line":97,"column":4},"end":{"line":101,"column":5}},"type":"if","locations":[{"start":{"line":97,"column":4},"end":{"line":101,"column":5}},{"start":{},"end":{}}],"line":97}},"s":{"0":1,"1":1,"2":1,"3":1,"4":1,"5":1,"6":1,"7":1,"8":2,"9":2,"10":1,"11":1,"12":1,"13":1,"14":1,"15":3,"16":3,"17":3,"18":1,"19":1,"20":2,"21":2,"22":2,"23":2,"24":2,"25":1,"26":2,"27":2,"28":2,"29":2,"30":2,"31":14,"32":14,"33":14,"34":14,"35":1,"36":14,"37":14,"38":14,"39":1,"40":1,"41":14,"42":14,"43":1,"44":1,"45":1,"46":13,"47":13,"48":2,"49":2,"50":1,"51":1,"52":1,"53":1,"54":1,"55":1,"56":1,"57":0,"58":1,"59":1,"60":0,"61":0,"62":0,"63":0,"64":1,"65":1},"f":{"0":2,"1":3,"2":2,"3":1,"4":14,"5":14,"6":1,"7":14,"8":2,"9":1,"10":1,"11":1,"12":0,"13":0,"14":0},"b":{"0":[1,1],"1":[0],"2":[1,2],"3":[14,4],"4":[1,13],"5":[1,13]},"_coverageSchema":"1a1c01bbd47fc00a2c39e90264f33305004495a9","hash":"7f15d1c64a821ebf3cac47716c7747eeb63863b4"}
}
