{"/Users/cestercian/Documents/GitHub/Coder/script.js": {"path":"/Users/cestercian/Documents/GitHub/Coder/script.js","statementMap":{"0":{"start":{"line":6,"column":23},"end":{"line":14,"column":1}},"1":{"start":{"line":17,"column":12},"end":{"line":17,"column":41}},"2":{"start":{"line":18,"column":17},"end":{"line":18,"column":33}},"3":{"start":{"line":21,"column":0},"end":{"line":21,"column":78}},"4":{"start":{"line":24,"column":16},"end":{"line":24,"column":18}},"5":{"start":{"line":27,"column":26},"end":{"line":27,"column":35}},"6":{"start":{"line":31,"column":22},"end":{"line":31,"column":64}},"7":{"start":{"line":32,"column":4},"end":{"line":32,"column":40}},"8":{"start":{"line":32,"column":33},"end":{"line":32,"column":40}},"9":{"start":{"line":34,"column":20},"end":{"line":34,"column":44}},"10":{"start":{"line":35,"column":23},"end":{"line":35,"column":36}},"11":{"start":{"line":36,"column":4},"end":{"line":39,"column":7}},"12":{"start":{"line":41,"column":4},"end":{"line":41,"column":52}},"13":{"start":{"line":46,"column":28},"end":{"line":46,"column":70}},"14":{"start":{"line":47,"column":4},"end":{"line":47,"column":35}},"15":{"start":{"line":49,"column":4},"end":{"line":52,"column":5}},"16":{"start":{"line":50,"column":8},"end":{"line":50,"column":62}},"17":{"start":{"line":51,"column":8},"end":{"line":51,"column":15}},"18":{"start":{"line":54,"column":4},"end":{"line":67,"column":7}},"19":{"start":{"line":55,"column":27},"end":{"line":55,"column":56}},"20":{"start":{"line":56,"column":8},"end":{"line":56,"column":50}},"21":{"start":{"line":57,"column":8},"end":{"line":57,"column":48}},"22":{"start":{"line":59,"column":8},"end":{"line":59,"column":90}},"23":{"start":{"line":59,"column":35},"end":{"line":59,"column":89}},"24":{"start":{"line":61,"column":24},"end":{"line":61,"column":54}},"25":{"start":{"line":62,"column":8},"end":{"line":62,"column":43}},"26":{"start":{"line":63,"column":8},"end":{"line":63,"column":40}},"27":{"start":{"line":64,"column":8},"end":{"line":64,"column":40}},"28":{"start":{"line":66,"column":8},"end":{"line":66,"column":48}},"29":{"start":{"line":72,"column":4},"end":{"line":78,"column":7}},"30":{"start":{"line":73,"column":24},"end":{"line":73,"column":62}},"31":{"start":{"line":74,"column":8},"end":{"line":74,"column":40}},"32":{"start":{"line":75,"column":8},"end":{"line":77,"column":17}},"33":{"start":{"line":76,"column":12},"end":{"line":76,"column":43}},"34":{"start":{"line":83,"column":16},"end":{"line":83,"column":26}},"35":{"start":{"line":84,"column":20},"end":{"line":87,"column":5}},"36":{"start":{"line":89,"column":4},"end":{"line":92,"column":5}},"37":{"start":{"line":90,"column":8},"end":{"line":90,"column":26}},"38":{"start":{"line":91,"column":8},"end":{"line":91,"column":37}},"39":{"start":{"line":94,"column":4},"end":{"line":94,"column":23}},"40":{"start":{"line":97,"column":4},"end":{"line":101,"column":5}},"41":{"start":{"line":98,"column":8},"end":{"line":98,"column":30}},"42":{"start":{"line":99,"column":8},"end":{"line":99,"column":43}},"43":{"start":{"line":100,"column":8},"end":{"line":100,"column":15}},"44":{"start":{"line":103,"column":4},"end":{"line":103,"column":45}},"45":{"start":{"line":106,"column":4},"end":{"line":106,"column":49}},"46":{"start":{"line":111,"column":20},"end":{"line":111,"column":55}},"47":{"start":{"line":112,"column":4},"end":{"line":112,"column":23}},"48":{"start":{"line":117,"column":20},"end":{"line":117,"column":44}},"49":{"start":{"line":118,"column":4},"end":{"line":127,"column":7}},"50":{"start":{"line":119,"column":8},"end":{"line":119,"column":23}},"51":{"start":{"line":120,"column":8},"end":{"line":123,"column":11}},"52":{"start":{"line":121,"column":30},"end":{"line":121,"column":49}},"53":{"start":{"line":122,"column":12},"end":{"line":122,"column":69}},"54":{"start":{"line":125,"column":8},"end":{"line":125,"column":60}},"55":{"start":{"line":125,"column":33},"end":{"line":125,"column":58}},"56":{"start":{"line":126,"column":8},"end":{"line":126,"column":33}},"57":{"start":{"line":131,"column":0},"end":{"line":137,"column":3}},"58":{"start":{"line":132,"column":18},"end":{"line":132,"column":46}},"59":{"start":{"line":133,"column":27},"end":{"line":135,"column":5}},"60":{"start":{"line":134,"column":8},"end":{"line":134,"column":48}},"61":{"start":{"line":136,"column":4},"end":{"line":136,"column":34}},"62":{"start":{"line":140,"column":0},"end":{"line":140,"column":28}}},"fnMap":{"0":{"name":"addCodeTweet","decl":{"start":{"line":30,"column":9},"end":{"line":30,"column":21}},"loc":{"start":{"line":30,"column":24},"end":{"line":42,"column":1}},"line":30},"1":{"name":"displayTweets","decl":{"start":{"line":45,"column":9},"end":{"line":45,"column":22}},"loc":{"start":{"line":45,"column":43},"end":{"line":68,"column":1}},"line":45},"2":{"name":"(anonymous_2)","decl":{"start":{"line":54,"column":19},"end":{"line":54,"column":20}},"loc":{"start":{"line":54,"column":34},"end":{"line":67,"column":5}},"line":54},"3":{"name":"(anonymous_3)","decl":{"start":{"line":59,"column":29},"end":{"line":59,"column":30}},"loc":{"start":{"line":59,"column":35},"end":{"line":59,"column":89}},"line":59},"4":{"name":"copyCodeToClipboard","decl":{"start":{"line":71,"column":9},"end":{"line":71,"column":28}},"loc":{"start":{"line":71,"column":44},"end":{"line":79,"column":1}},"line":71},"5":{"name":"(anonymous_5)","decl":{"start":{"line":72,"column":45},"end":{"line":72,"column":46}},"loc":{"start":{"line":72,"column":51},"end":{"line":78,"column":5}},"line":72},"6":{"name":"(anonymous_6)","decl":{"start":{"line":75,"column":19},"end":{"line":75,"column":20}},"loc":{"start":{"line":75,"column":25},"end":{"line":77,"column":9}},"line":75},"7":{"name":"handleTweetClick","decl":{"start":{"line":82,"column":9},"end":{"line":82,"column":25}},"loc":{"start":{"line":82,"column":56},"end":{"line":107,"column":1}},"line":82},"8":{"name":"deleteTweet","decl":{"start":{"line":110,"column":9},"end":{"line":110,"column":20}},"loc":{"start":{"line":110,"column":31},"end":{"line":113,"column":1}},"line":110},"9":{"name":"fetchTweets","decl":{"start":{"line":116,"column":9},"end":{"line":116,"column":20}},"loc":{"start":{"line":116,"column":23},"end":{"line":128,"column":1}},"line":116},"10":{"name":"(anonymous_10)","decl":{"start":{"line":118,"column":21},"end":{"line":118,"column":22}},"loc":{"start":{"line":118,"column":35},"end":{"line":127,"column":5}},"line":118},"11":{"name":"(anonymous_11)","decl":{"start":{"line":120,"column":25},"end":{"line":120,"column":26}},"loc":{"start":{"line":120,"column":44},"end":{"line":123,"column":9}},"line":120},"12":{"name":"(anonymous_12)","decl":{"start":{"line":125,"column":23},"end":{"line":125,"column":24}},"loc":{"start":{"line":125,"column":33},"end":{"line":125,"column":58}},"line":125},"13":{"name":"(anonymous_13)","decl":{"start":{"line":131,"column":63},"end":{"line":131,"column":64}},"loc":{"start":{"line":131,"column":70},"end":{"line":137,"column":1}},"line":131},"14":{"name":"(anonymous_14)","decl":{"start":{"line":133,"column":44},"end":{"line":133,"column":45}},"loc":{"start":{"line":134,"column":8},"end":{"line":134,"column":48}},"line":134}},"branchMap":{"0":{"loc":{"start":{"line":32,"column":4},"end":{"line":32,"column":40}},"type":"if","locations":[{"start":{"line":32,"column":4},"end":{"line":32,"column":40}},{"start":{},"end":{}}],"line":32},"1":{"loc":{"start":{"line":45,"column":23},"end":{"line":45,"column":41}},"type":"default-arg","locations":[{"start":{"line":45,"column":32},"end":{"line":45,"column":41}}],"line":45},"2":{"loc":{"start":{"line":49,"column":4},"end":{"line":52,"column":5}},"type":"if","locations":[{"start":{"line":49,"column":4},"end":{"line":52,"column":5}},{"start":{},"end":{}}],"line":49},"3":{"loc":{"start":{"line":84,"column":20},"end":{"line":87,"column":5}},"type":"binary-expr","locations":[{"start":{"line":84,"column":20},"end":{"line":84,"column":51}},{"start":{"line":84,"column":55},"end":{"line":87,"column":5}}],"line":84},"4":{"loc":{"start":{"line":89,"column":4},"end":{"line":92,"column":5}},"type":"if","locations":[{"start":{"line":89,"column":4},"end":{"line":92,"column":5}},{"start":{},"end":{}}],"line":89},"5":{"loc":{"start":{"line":97,"column":4},"end":{"line":101,"column":5}},"type":"if","locations":[{"start":{"line":97,"column":4},"end":{"line":101,"column":5}},{"start":{},"end":{}}],"line":97}},"s":{"0":1,"1":1,"2":1,"3":1,"4":1,"5":1,"6":0,"7":0,"8":0,"9":0,"10":0,"11":0,"12":0,"13":0,"14":0,"15":0,"16":0,"17":0,"18":0,"19":0,"20":0,"21":0,"22":0,"23":0,"24":0,"25":0,"26":0,"27":0,"28":0,"29":1,"30":1,"31":1,"32":1,"33":1,"34":0,"35":0,"36":0,"37":0,"38":0,"39":0,"40":0,"41":0,"42":0,"43":0,"44":0,"45":0,"46":0,"47":0,"48":0,"49":0,"50":0,"51":0,"52":0,"53":0,"54":0,"55":0,"56":0,"57":1,"58":0,"59":0,"60":0,"61":0,"62":1},"f":{"0":0,"1":0,"2":0,"3":0,"4":1,"5":1,"6":1,"7":0,"8":0,"9":0,"10":0,"11":0,"12":0,"13":0,"14":0},"b":{"0":[0,0],"1":[0],"2":[0,0],"3":[0,0],"4":[0,0],"5":[0,0]},"_coverageSchema":"1a1c01bbd47fc00a2c39e90264f33305004495a9","hash":"59e9d183fe061f6b4adcd4ac0795fe1cdc2bbb21"}
}
