TN:
SF:script.js
FN:30,addCodeTweet
FN:45,displayTweets
FN:54,(anonymous_2)
FN:59,(anonymous_3)
FN:71,copyCodeToClipboard
FN:72,(anonymous_5)
FN:75,(anonymous_6)
FN:82,handleTweetClick
FN:110,deleteTweet
FN:116,fetchTweets
FN:118,(anonymous_10)
FN:120,(anonymous_11)
FN:125,(anonymous_12)
FN:131,(anonymous_13)
FN:133,(anonymous_14)
FNF:15
FNH:12
FNDA:2,addCodeTweet
FNDA:3,displayTweets
FNDA:2,(anonymous_2)
FNDA:1,(anonymous_3)
FNDA:14,copyCodeToClipboard
FNDA:14,(anonymous_5)
FNDA:1,(anonymous_6)
FNDA:14,handleTweetClick
FNDA:2,deleteTweet
FNDA:1,fetchTweets
FNDA:1,(anonymous_10)
FNDA:1,(anonymous_11)
FNDA:0,(anonymous_12)
FNDA:0,(anonymous_13)
FNDA:0,(anonymous_14)
DA:2,1
DA:3,1
DA:6,1
DA:17,1
DA:18,1
DA:21,1
DA:24,1
DA:27,1
DA:31,2
DA:32,2
DA:34,1
DA:35,1
DA:36,1
DA:41,1
DA:46,3
DA:47,3
DA:49,3
DA:50,1
DA:51,1
DA:54,2
DA:55,2
DA:56,2
DA:57,2
DA:59,2
DA:61,2
DA:62,2
DA:63,2
DA:64,2
DA:66,2
DA:72,14
DA:73,14
DA:74,14
DA:75,14
DA:76,1
DA:83,14
DA:84,14
DA:89,14
DA:90,1
DA:91,1
DA:94,14
DA:97,14
DA:98,1
DA:99,1
DA:100,1
DA:103,13
DA:106,13
DA:111,2
DA:112,2
DA:117,1
DA:118,1
DA:119,1
DA:120,1
DA:121,1
DA:122,1
DA:125,1
DA:126,1
DA:131,1
DA:132,0
DA:133,0
DA:134,0
DA:136,0
DA:140,1
DA:143,1
LF:63
LH:59
BRDA:32,0,0,1
BRDA:32,0,1,1
BRDA:45,1,0,0
BRDA:49,2,0,1
BRDA:49,2,1,2
BRDA:84,3,0,14
BRDA:84,3,1,4
BRDA:89,4,0,1
BRDA:89,4,1,13
BRDA:97,5,0,1
BRDA:97,5,1,13
BRF:11
BRH:10
end_of_record
