TN:
SF:script.js
FN:30,addCodeTweet
FN:45,displayTweets
FN:54,(anonymous_2)
FN:59,(anonymous_3)
FN:71,copyCodeToClipboard
FN:72,(anonymous_5)
FN:75,(anonymous_6)
FN:82,handleTweetClick
FN:110,deleteTweet
FN:116,fetchTweets
FN:118,(anonymous_10)
FN:120,(anonymous_11)
FN:125,(anonymous_12)
FN:131,(anonymous_13)
FN:133,(anonymous_14)
FNF:15
FNH:3
FNDA:0,addCodeTweet
FNDA:0,displayTweets
FNDA:0,(anonymous_2)
FNDA:0,(anonymous_3)
FNDA:1,copyCodeToClipboard
FNDA:1,(anonymous_5)
FNDA:1,(anonymous_6)
FNDA:0,handleTweetClick
FNDA:0,deleteTweet
FNDA:0,fetchTweets
FNDA:0,(anonymous_10)
FNDA:0,(anonymous_11)
FNDA:0,(anonymous_12)
FNDA:0,(anonymous_13)
FNDA:0,(anonymous_14)
DA:2,1
DA:3,1
DA:6,1
DA:17,1
DA:18,1
DA:21,1
DA:24,1
DA:27,1
DA:31,0
DA:32,0
DA:34,0
DA:35,0
DA:36,0
DA:41,0
DA:46,0
DA:47,0
DA:49,0
DA:50,0
DA:51,0
DA:54,0
DA:55,0
DA:56,0
DA:57,0
DA:59,0
DA:61,0
DA:62,0
DA:63,0
DA:64,0
DA:66,0
DA:72,1
DA:73,1
DA:74,1
DA:75,1
DA:76,1
DA:83,0
DA:84,0
DA:89,0
DA:90,0
DA:91,0
DA:94,0
DA:97,0
DA:98,0
DA:99,0
DA:100,0
DA:103,0
DA:106,0
DA:111,0
DA:112,0
DA:117,0
DA:118,0
DA:119,0
DA:120,0
DA:121,0
DA:122,0
DA:125,0
DA:126,0
DA:131,1
DA:132,0
DA:133,0
DA:134,0
DA:136,0
DA:140,1
DA:143,1
LF:63
LH:16
BRDA:32,0,0,0
BRDA:32,0,1,0
BRDA:45,1,0,0
BRDA:49,2,0,0
BRDA:49,2,1,0
BRDA:84,3,0,0
BRDA:84,3,1,0
BRDA:89,4,0,0
BRDA:89,4,1,0
BRDA:97,5,0,0
BRDA:97,5,1,0
BRF:11
BRH:0
end_of_record
